<?xml version="1.0" encoding="UTF-8"?>
<coverage generated="1745926878228" clover="3.2.0">
  <project timestamp="1745926878228" name="All files">
    <metrics statements="64" coveredstatements="60" conditionals="49" coveredconditionals="42" methods="9" coveredmethods="9" elements="122" coveredelements="111" complexity="0" loc="64" ncloc="64" packages="1" files="2" classes="2"/>
    <file name="babel.config.js" path="/home/thinkpad/Documents/flappy_clone/babel.config.js">
      <metrics statements="1" coveredstatements="0" conditionals="0" coveredconditionals="0" methods="0" coveredmethods="0"/>
      <line num="1" count="0" type="stmt"/>
    </file>
    <file name="game.js" path="/home/thinkpad/Documents/flappy_clone/game.js">
      <metrics statements="63" coveredstatements="60" conditionals="49" coveredconditionals="42" methods="9" coveredmethods="9"/>
      <line num="20" count="2" type="stmt"/>
      <line num="40" count="2" type="stmt"/>
      <line num="46" count="2" type="cond" truecount="2" falsecount="0"/>
      <line num="48" count="1" type="stmt"/>
      <line num="51" count="1" type="stmt"/>
      <line num="52" count="1" type="stmt"/>
      <line num="55" count="1" type="stmt"/>
      <line num="56" count="1" type="stmt"/>
      <line num="64" count="2" type="cond" truecount="2" falsecount="0"/>
      <line num="67" count="1" type="stmt"/>
      <line num="70" count="1" type="stmt"/>
      <line num="71" count="1" type="cond" truecount="1" falsecount="1"/>
      <line num="72" count="1" type="stmt"/>
      <line num="73" count="1" type="stmt"/>
      <line num="77" count="1" type="stmt"/>
      <line num="80" count="1" type="stmt"/>
      <line num="81" count="1" type="cond" truecount="1" falsecount="1"/>
      <line num="82" count="1" type="stmt"/>
      <line num="83" count="1" type="stmt"/>
      <line num="84" count="1" type="stmt"/>
      <line num="85" count="1" type="stmt"/>
      <line num="89" count="1" type="stmt"/>
      <line num="90" count="1" type="cond" truecount="1" falsecount="1"/>
      <line num="91" count="1" type="stmt"/>
      <line num="95" count="1" type="stmt"/>
      <line num="96" count="1" type="stmt"/>
      <line num="104" count="4" type="cond" truecount="4" falsecount="0"/>
      <line num="107" count="2" type="cond" truecount="2" falsecount="0"/>
      <line num="108" count="1" type="stmt"/>
      <line num="112" count="2" type="stmt"/>
      <line num="115" count="2" type="cond" truecount="1" falsecount="1"/>
      <line num="116" count="2" type="stmt"/>
      <line num="125" count="3" type="cond" truecount="4" falsecount="0"/>
      <line num="128" count="1" type="stmt"/>
      <line num="131" count="1" type="stmt"/>
      <line num="139" count="4" type="cond" truecount="5" falsecount="0"/>
      <line num="142" count="2" type="stmt"/>
      <line num="145" count="2" type="cond" truecount="1" falsecount="1"/>
      <line num="146" count="2" type="stmt"/>
      <line num="150" count="2" type="stmt"/>
      <line num="151" count="2" type="cond" truecount="3" falsecount="1"/>
      <line num="152" count="2" type="stmt"/>
      <line num="162" count="2" type="cond" truecount="2" falsecount="0"/>
      <line num="163" count="1" type="stmt"/>
      <line num="172" count="9" type="cond" truecount="2" falsecount="0"/>
      <line num="174" count="8" type="stmt"/>
      <line num="175" count="8" type="cond" truecount="2" falsecount="0"/>
      <line num="177" count="7" type="stmt"/>
      <line num="178" count="7" type="stmt"/>
      <line num="179" count="7" type="stmt"/>
      <line num="180" count="7" type="stmt"/>
      <line num="188" count="2" type="cond" truecount="2" falsecount="0"/>
      <line num="191" count="1" type="stmt"/>
      <line num="194" count="1" type="stmt"/>
      <line num="195" count="8" type="cond" truecount="4" falsecount="0"/>
      <line num="196" count="6" type="stmt"/>
      <line num="201" count="1" type="stmt"/>
      <line num="202" count="1" type="stmt"/>
      <line num="207" count="2" type="cond" truecount="3" falsecount="1"/>
      <line num="208" count="2" type="stmt"/>
      <line num="211" count="0" type="stmt"/>
      <line num="212" count="0" type="stmt"/>
      <line num="213" count="0" type="stmt"/>
    </file>
  </project>
</coverage>
