<?xml version="1.0" encoding="UTF-8"?>
<coverage generated="1745925219501" clover="3.2.0">
  <project timestamp="1745925219501" name="All files">
    <metrics statements="52" coveredstatements="47" conditionals="16" coveredconditionals="13" methods="9" coveredmethods="8" elements="77" coveredelements="68" complexity="0" loc="52" ncloc="52" packages="1" files="1" classes="1"/>
    <file name="game.js" path="/home/thinkpad/Documents/flappy_clone/game.js">
      <metrics statements="52" coveredstatements="47" conditionals="16" coveredconditionals="13" methods="9" coveredmethods="8"/>
      <line num="19" count="2" type="stmt"/>
      <line num="25" count="1" type="stmt"/>
      <line num="26" count="1" type="stmt"/>
      <line num="27" count="1" type="stmt"/>
      <line num="28" count="1" type="stmt"/>
      <line num="29" count="1" type="stmt"/>
      <line num="37" count="1" type="stmt"/>
      <line num="39" count="1" type="stmt"/>
      <line num="40" count="1" type="stmt"/>
      <line num="41" count="1" type="stmt"/>
      <line num="42" count="1" type="stmt"/>
      <line num="44" count="1" type="stmt"/>
      <line num="45" count="1" type="stmt"/>
      <line num="46" count="1" type="stmt"/>
      <line num="49" count="1" type="stmt"/>
      <line num="51" count="1" type="stmt"/>
      <line num="52" count="1" type="stmt"/>
      <line num="54" count="1" type="stmt"/>
      <line num="55" count="1" type="stmt"/>
      <line num="58" count="1" type="stmt"/>
      <line num="66" count="3" type="cond" truecount="2" falsecount="0"/>
      <line num="67" count="1" type="stmt"/>
      <line num="69" count="3" type="stmt"/>
      <line num="72" count="3" type="cond" truecount="1" falsecount="1"/>
      <line num="73" count="3" type="stmt"/>
      <line num="82" count="2" type="cond" truecount="2" falsecount="0"/>
      <line num="83" count="1" type="stmt"/>
      <line num="85" count="1" type="stmt"/>
      <line num="88" count="1" type="stmt"/>
      <line num="97" count="1" type="cond" truecount="1" falsecount="1"/>
      <line num="98" count="0" type="stmt"/>
      <line num="101" count="1" type="stmt"/>
      <line num="104" count="1" type="stmt"/>
      <line num="107" count="1" type="stmt"/>
      <line num="108" count="0" type="stmt"/>
      <line num="117" count="1" type="stmt"/>
      <line num="126" count="7" type="stmt"/>
      <line num="128" count="7" type="stmt"/>
      <line num="129" count="7" type="stmt"/>
      <line num="130" count="7" type="stmt"/>
      <line num="131" count="7" type="stmt"/>
      <line num="139" count="1" type="stmt"/>
      <line num="141" count="1" type="stmt"/>
      <line num="142" count="8" type="cond" truecount="4" falsecount="0"/>
      <line num="143" count="6" type="stmt"/>
      <line num="145" count="1" type="stmt"/>
      <line num="146" count="1" type="stmt"/>
      <line num="151" count="2" type="cond" truecount="3" falsecount="1"/>
      <line num="152" count="2" type="stmt"/>
      <line num="155" count="0" type="stmt"/>
      <line num="156" count="0" type="stmt"/>
      <line num="157" count="0" type="stmt"/>
    </file>
  </project>
</coverage>
