{"/home/thinkpad/Documents/flappy_clone/babel.config.js": {"path":"/home/thinkpad/Documents/flappy_clone/babel.config.js","statementMap":{"0":{"start":{"line":1,"column":0},"end":{"line":3,"column":2}}},"fnMap":{},"branchMap":{},"s":{"0":0},"f":{},"b":{}}
,"/home/thinkpad/Documents/flappy_clone/game.js": {"path":"/home/thinkpad/Documents/flappy_clone/game.js","statementMap":{"0":{"start":{"line":20,"column":20},"end":{"line":37,"column":1}},"1":{"start":{"line":40,"column":18},"end":{"line":204,"column":1}},"2":{"start":{"line":46,"column":8},"end":{"line":46,"column":31}},"3":{"start":{"line":46,"column":24},"end":{"line":46,"column":31}},"4":{"start":{"line":48,"column":8},"end":{"line":48,"column":52}},"5":{"start":{"line":51,"column":8},"end":{"line":51,"column":181}},"6":{"start":{"line":52,"column":8},"end":{"line":52,"column":181}},"7":{"start":{"line":55,"column":8},"end":{"line":55,"column":48}},"8":{"start":{"line":56,"column":8},"end":{"line":56,"column":48}},"9":{"start":{"line":64,"column":8},"end":{"line":64,"column":31}},"10":{"start":{"line":64,"column":24},"end":{"line":64,"column":31}},"11":{"start":{"line":67,"column":8},"end":{"line":67,"column":61}},"12":{"start":{"line":70,"column":8},"end":{"line":70,"column":43}},"13":{"start":{"line":71,"column":8},"end":{"line":74,"column":9}},"14":{"start":{"line":72,"column":12},"end":{"line":72,"column":41}},"15":{"start":{"line":73,"column":12},"end":{"line":73,"column":69}},"16":{"start":{"line":77,"column":8},"end":{"line":77,"column":105}},"17":{"start":{"line":80,"column":8},"end":{"line":80,"column":97}},"18":{"start":{"line":81,"column":8},"end":{"line":86,"column":9}},"19":{"start":{"line":82,"column":12},"end":{"line":82,"column":55}},"20":{"start":{"line":83,"column":12},"end":{"line":83,"column":63}},"21":{"start":{"line":84,"column":12},"end":{"line":84,"column":46}},"22":{"start":{"line":85,"column":12},"end":{"line":85,"column":35}},"23":{"start":{"line":89,"column":25},"end":{"line":89,"column":82}},"24":{"start":{"line":90,"column":8},"end":{"line":92,"column":9}},"25":{"start":{"line":91,"column":12},"end":{"line":91,"column":49}},"26":{"start":{"line":95,"column":8},"end":{"line":95,"column":23}},"27":{"start":{"line":96,"column":8},"end":{"line":96,"column":99}},"28":{"start":{"line":104,"column":8},"end":{"line":104,"column":46}},"29":{"start":{"line":104,"column":39},"end":{"line":104,"column":46}},"30":{"start":{"line":107,"column":8},"end":{"line":109,"column":9}},"31":{"start":{"line":108,"column":12},"end":{"line":108,"column":31}},"32":{"start":{"line":112,"column":8},"end":{"line":112,"column":90}},"33":{"start":{"line":115,"column":8},"end":{"line":117,"column":9}},"34":{"start":{"line":116,"column":12},"end":{"line":116,"column":61}},"35":{"start":{"line":125,"column":8},"end":{"line":125,"column":60}},"36":{"start":{"line":125,"column":53},"end":{"line":125,"column":60}},"37":{"start":{"line":128,"column":8},"end":{"line":128,"column":65}},"38":{"start":{"line":131,"column":8},"end":{"line":131,"column":91}},"39":{"start":{"line":139,"column":8},"end":{"line":139,"column":75}},"40":{"start":{"line":139,"column":68},"end":{"line":139,"column":75}},"41":{"start":{"line":142,"column":8},"end":{"line":142,"column":32}},"42":{"start":{"line":145,"column":8},"end":{"line":147,"column":9}},"43":{"start":{"line":146,"column":12},"end":{"line":146,"column":53}},"44":{"start":{"line":150,"column":8},"end":{"line":154,"column":17}},"45":{"start":{"line":151,"column":12},"end":{"line":153,"column":13}},"46":{"start":{"line":152,"column":16},"end":{"line":152,"column":38}},"47":{"start":{"line":162,"column":8},"end":{"line":162,"column":31}},"48":{"start":{"line":162,"column":24},"end":{"line":162,"column":31}},"49":{"start":{"line":163,"column":8},"end":{"line":163,"column":38}},"50":{"start":{"line":172,"column":8},"end":{"line":172,"column":32}},"51":{"start":{"line":172,"column":25},"end":{"line":172,"column":32}},"52":{"start":{"line":174,"column":21},"end":{"line":174,"column":46}},"53":{"start":{"line":175,"column":8},"end":{"line":175,"column":26}},"54":{"start":{"line":175,"column":19},"end":{"line":175,"column":26}},"55":{"start":{"line":177,"column":8},"end":{"line":177,"column":25}},"56":{"start":{"line":178,"column":8},"end":{"line":178,"column":56}},"57":{"start":{"line":179,"column":8},"end":{"line":179,"column":37}},"58":{"start":{"line":180,"column":8},"end":{"line":180,"column":36}},"59":{"start":{"line":188,"column":8},"end":{"line":188,"column":37}},"60":{"start":{"line":188,"column":30},"end":{"line":188,"column":37}},"61":{"start":{"line":191,"column":21},"end":{"line":191,"column":127}},"62":{"start":{"line":194,"column":8},"end":{"line":198,"column":9}},"63":{"start":{"line":194,"column":21},"end":{"line":194,"column":22}},"64":{"start":{"line":195,"column":12},"end":{"line":197,"column":13}},"65":{"start":{"line":196,"column":16},"end":{"line":196,"column":105}},"66":{"start":{"line":201,"column":8},"end":{"line":201,"column":24}},"67":{"start":{"line":202,"column":8},"end":{"line":202,"column":42}},"68":{"start":{"line":207,"column":0},"end":{"line":214,"column":1}},"69":{"start":{"line":208,"column":4},"end":{"line":208,"column":31}},"70":{"start":{"line":211,"column":17},"end":{"line":211,"column":92}},"71":{"start":{"line":212,"column":4},"end":{"line":212,"column":38}},"72":{"start":{"line":213,"column":4},"end":{"line":213,"column":29}}},"fnMap":{"0":{"name":"(anonymous_0)","decl":{"start":{"line":45,"column":13},"end":{"line":45,"column":14}},"loc":{"start":{"line":45,"column":24},"end":{"line":57,"column":5}},"line":45},"1":{"name":"(anonymous_1)","decl":{"start":{"line":63,"column":12},"end":{"line":63,"column":13}},"loc":{"start":{"line":63,"column":23},"end":{"line":97,"column":5}},"line":63},"2":{"name":"(anonymous_2)","decl":{"start":{"line":103,"column":12},"end":{"line":103,"column":13}},"loc":{"start":{"line":103,"column":23},"end":{"line":118,"column":5}},"line":103},"3":{"name":"(anonymous_3)","decl":{"start":{"line":124,"column":10},"end":{"line":124,"column":11}},"loc":{"start":{"line":124,"column":21},"end":{"line":132,"column":5}},"line":124},"4":{"name":"(anonymous_4)","decl":{"start":{"line":138,"column":13},"end":{"line":138,"column":14}},"loc":{"start":{"line":138,"column":24},"end":{"line":155,"column":5}},"line":138},"5":{"name":"(anonymous_5)","decl":{"start":{"line":150,"column":32},"end":{"line":150,"column":33}},"loc":{"start":{"line":150,"column":43},"end":{"line":154,"column":9}},"line":150},"6":{"name":"(anonymous_6)","decl":{"start":{"line":161,"column":17},"end":{"line":161,"column":18}},"loc":{"start":{"line":161,"column":28},"end":{"line":164,"column":5}},"line":161},"7":{"name":"(anonymous_7)","decl":{"start":{"line":171,"column":16},"end":{"line":171,"column":17}},"loc":{"start":{"line":171,"column":31},"end":{"line":181,"column":5}},"line":171},"8":{"name":"(anonymous_8)","decl":{"start":{"line":187,"column":19},"end":{"line":187,"column":20}},"loc":{"start":{"line":187,"column":30},"end":{"line":203,"column":5}},"line":187}},"branchMap":{"0":{"loc":{"start":{"line":46,"column":8},"end":{"line":46,"column":31}},"type":"if","locations":[{"start":{"line":46,"column":8},"end":{"line":46,"column":31}},{"start":{},"end":{}}],"line":46},"1":{"loc":{"start":{"line":64,"column":8},"end":{"line":64,"column":31}},"type":"if","locations":[{"start":{"line":64,"column":8},"end":{"line":64,"column":31}},{"start":{},"end":{}}],"line":64},"2":{"loc":{"start":{"line":71,"column":8},"end":{"line":74,"column":9}},"type":"if","locations":[{"start":{"line":71,"column":8},"end":{"line":74,"column":9}},{"start":{},"end":{}}],"line":71},"3":{"loc":{"start":{"line":81,"column":8},"end":{"line":86,"column":9}},"type":"if","locations":[{"start":{"line":81,"column":8},"end":{"line":86,"column":9}},{"start":{},"end":{}}],"line":81},"4":{"loc":{"start":{"line":90,"column":8},"end":{"line":92,"column":9}},"type":"if","locations":[{"start":{"line":90,"column":8},"end":{"line":92,"column":9}},{"start":{},"end":{}}],"line":90},"5":{"loc":{"start":{"line":104,"column":8},"end":{"line":104,"column":46}},"type":"if","locations":[{"start":{"line":104,"column":8},"end":{"line":104,"column":46}},{"start":{},"end":{}}],"line":104},"6":{"loc":{"start":{"line":104,"column":12},"end":{"line":104,"column":37}},"type":"binary-expr","locations":[{"start":{"line":104,"column":12},"end":{"line":104,"column":22}},{"start":{"line":104,"column":26},"end":{"line":104,"column":37}}],"line":104},"7":{"loc":{"start":{"line":107,"column":8},"end":{"line":109,"column":9}},"type":"if","locations":[{"start":{"line":107,"column":8},"end":{"line":109,"column":9}},{"start":{},"end":{}}],"line":107},"8":{"loc":{"start":{"line":115,"column":8},"end":{"line":117,"column":9}},"type":"if","locations":[{"start":{"line":115,"column":8},"end":{"line":117,"column":9}},{"start":{},"end":{}}],"line":115},"9":{"loc":{"start":{"line":125,"column":8},"end":{"line":125,"column":60}},"type":"if","locations":[{"start":{"line":125,"column":8},"end":{"line":125,"column":60}},{"start":{},"end":{}}],"line":125},"10":{"loc":{"start":{"line":125,"column":12},"end":{"line":125,"column":51}},"type":"binary-expr","locations":[{"start":{"line":125,"column":12},"end":{"line":125,"column":22}},{"start":{"line":125,"column":26},"end":{"line":125,"column":51}}],"line":125},"11":{"loc":{"start":{"line":139,"column":8},"end":{"line":139,"column":75}},"type":"if","locations":[{"start":{"line":139,"column":8},"end":{"line":139,"column":75}},{"start":{},"end":{}}],"line":139},"12":{"loc":{"start":{"line":139,"column":12},"end":{"line":139,"column":66}},"type":"binary-expr","locations":[{"start":{"line":139,"column":12},"end":{"line":139,"column":22}},{"start":{"line":139,"column":26},"end":{"line":139,"column":37}},{"start":{"line":139,"column":41},"end":{"line":139,"column":66}}],"line":139},"13":{"loc":{"start":{"line":145,"column":8},"end":{"line":147,"column":9}},"type":"if","locations":[{"start":{"line":145,"column":8},"end":{"line":147,"column":9}},{"start":{},"end":{}}],"line":145},"14":{"loc":{"start":{"line":151,"column":12},"end":{"line":153,"column":13}},"type":"if","locations":[{"start":{"line":151,"column":12},"end":{"line":153,"column":13}},{"start":{},"end":{}}],"line":151},"15":{"loc":{"start":{"line":151,"column":16},"end":{"line":151,"column":27}},"type":"binary-expr","locations":[{"start":{"line":151,"column":16},"end":{"line":151,"column":17}},{"start":{"line":151,"column":21},"end":{"line":151,"column":27}}],"line":151},"16":{"loc":{"start":{"line":162,"column":8},"end":{"line":162,"column":31}},"type":"if","locations":[{"start":{"line":162,"column":8},"end":{"line":162,"column":31}},{"start":{},"end":{}}],"line":162},"17":{"loc":{"start":{"line":172,"column":8},"end":{"line":172,"column":32}},"type":"if","locations":[{"start":{"line":172,"column":8},"end":{"line":172,"column":32}},{"start":{},"end":{}}],"line":172},"18":{"loc":{"start":{"line":175,"column":8},"end":{"line":175,"column":26}},"type":"if","locations":[{"start":{"line":175,"column":8},"end":{"line":175,"column":26}},{"start":{},"end":{}}],"line":175},"19":{"loc":{"start":{"line":188,"column":8},"end":{"line":188,"column":37}},"type":"if","locations":[{"start":{"line":188,"column":8},"end":{"line":188,"column":37}},{"start":{},"end":{}}],"line":188},"20":{"loc":{"start":{"line":195,"column":12},"end":{"line":197,"column":13}},"type":"if","locations":[{"start":{"line":195,"column":12},"end":{"line":197,"column":13}},{"start":{},"end":{}}],"line":195},"21":{"loc":{"start":{"line":195,"column":16},"end":{"line":195,"column":44}},"type":"binary-expr","locations":[{"start":{"line":195,"column":16},"end":{"line":195,"column":26}},{"start":{"line":195,"column":30},"end":{"line":195,"column":44}}],"line":195},"22":{"loc":{"start":{"line":207,"column":0},"end":{"line":214,"column":1}},"type":"if","locations":[{"start":{"line":207,"column":0},"end":{"line":214,"column":1}},{"start":{"line":209,"column":7},"end":{"line":214,"column":1}}],"line":207},"23":{"loc":{"start":{"line":207,"column":4},"end":{"line":207,"column":51}},"type":"binary-expr","locations":[{"start":{"line":207,"column":4},"end":{"line":207,"column":33}},{"start":{"line":207,"column":37},"end":{"line":207,"column":51}}],"line":207}},"s":{"0":2,"1":2,"2":2,"3":1,"4":1,"5":1,"6":1,"7":1,"8":1,"9":2,"10":1,"11":1,"12":1,"13":1,"14":1,"15":1,"16":1,"17":1,"18":1,"19":1,"20":1,"21":1,"22":1,"23":1,"24":1,"25":1,"26":1,"27":1,"28":4,"29":2,"30":2,"31":1,"32":2,"33":2,"34":2,"35":3,"36":2,"37":1,"38":1,"39":4,"40":2,"41":2,"42":2,"43":2,"44":2,"45":2,"46":2,"47":2,"48":1,"49":1,"50":9,"51":1,"52":8,"53":8,"54":1,"55":7,"56":7,"57":7,"58":7,"59":2,"60":1,"61":1,"62":1,"63":1,"64":8,"65":6,"66":1,"67":1,"68":2,"69":2,"70":0,"71":0,"72":0},"f":{"0":2,"1":2,"2":4,"3":3,"4":4,"5":2,"6":2,"7":9,"8":2},"b":{"0":[1,1],"1":[1,1],"2":[1,0],"3":[1,0],"4":[1,0],"5":[2,2],"6":[4,3],"7":[1,1],"8":[2,0],"9":[2,1],"10":[3,2],"11":[2,2],"12":[4,3,3],"13":[2,0],"14":[2,0],"15":[2,2],"16":[1,1],"17":[1,8],"18":[1,7],"19":[1,1],"20":[6,2],"21":[8,7],"22":[2,0],"23":[2,2]},"_coverageSchema":"1a1c01bbd47fc00a2c39e90264f33305004495a9","hash":"747953c22cdf2300796bd076cfea4a0b3db408a5"}
}
