{"/home/thinkpad/Documents/flappy_clone/game.js": {"path":"/home/thinkpad/Documents/flappy_clone/game.js","statementMap":{"0":{"start":{"line":19,"column":16},"end":{"line":148,"column":1}},"1":{"start":{"line":25,"column":8},"end":{"line":25,"column":52}},"2":{"start":{"line":26,"column":8},"end":{"line":26,"column":181}},"3":{"start":{"line":27,"column":8},"end":{"line":27,"column":181}},"4":{"start":{"line":28,"column":8},"end":{"line":28,"column":48}},"5":{"start":{"line":29,"column":8},"end":{"line":29,"column":48}},"6":{"start":{"line":37,"column":8},"end":{"line":37,"column":61}},"7":{"start":{"line":39,"column":8},"end":{"line":39,"column":43}},"8":{"start":{"line":40,"column":8},"end":{"line":40,"column":37}},"9":{"start":{"line":41,"column":8},"end":{"line":41,"column":46}},"10":{"start":{"line":42,"column":8},"end":{"line":42,"column":80}},"11":{"start":{"line":44,"column":8},"end":{"line":44,"column":59}},"12":{"start":{"line":45,"column":8},"end":{"line":45,"column":51}},"13":{"start":{"line":46,"column":8},"end":{"line":46,"column":40}},"14":{"start":{"line":49,"column":8},"end":{"line":49,"column":42}},"15":{"start":{"line":51,"column":23},"end":{"line":51,"column":80}},"16":{"start":{"line":52,"column":8},"end":{"line":52,"column":45}},"17":{"start":{"line":54,"column":8},"end":{"line":54,"column":23}},"18":{"start":{"line":55,"column":8},"end":{"line":55,"column":99}},"19":{"start":{"line":58,"column":8},"end":{"line":58,"column":53}},"20":{"start":{"line":66,"column":8},"end":{"line":67,"column":31}},"21":{"start":{"line":67,"column":12},"end":{"line":67,"column":31}},"22":{"start":{"line":69,"column":8},"end":{"line":69,"column":90}},"23":{"start":{"line":72,"column":8},"end":{"line":73,"column":35}},"24":{"start":{"line":73,"column":14},"end":{"line":73,"column":35}},"25":{"start":{"line":82,"column":8},"end":{"line":83,"column":19}},"26":{"start":{"line":83,"column":12},"end":{"line":83,"column":19}},"27":{"start":{"line":85,"column":8},"end":{"line":85,"column":41}},"28":{"start":{"line":88,"column":8},"end":{"line":88,"column":69}},"29":{"start":{"line":97,"column":8},"end":{"line":98,"column":19}},"30":{"start":{"line":98,"column":12},"end":{"line":98,"column":19}},"31":{"start":{"line":101,"column":8},"end":{"line":101,"column":32}},"32":{"start":{"line":104,"column":8},"end":{"line":104,"column":49}},"33":{"start":{"line":107,"column":8},"end":{"line":109,"column":17}},"34":{"start":{"line":108,"column":12},"end":{"line":108,"column":34}},"35":{"start":{"line":117,"column":8},"end":{"line":117,"column":38}},"36":{"start":{"line":126,"column":19},"end":{"line":126,"column":44}},"37":{"start":{"line":128,"column":8},"end":{"line":128,"column":25}},"38":{"start":{"line":129,"column":8},"end":{"line":129,"column":36}},"39":{"start":{"line":130,"column":8},"end":{"line":130,"column":37}},"40":{"start":{"line":131,"column":8},"end":{"line":131,"column":36}},"41":{"start":{"line":139,"column":19},"end":{"line":139,"column":48}},"42":{"start":{"line":141,"column":8},"end":{"line":143,"column":46}},"43":{"start":{"line":141,"column":21},"end":{"line":141,"column":22}},"44":{"start":{"line":142,"column":12},"end":{"line":143,"column":46}},"45":{"start":{"line":143,"column":16},"end":{"line":143,"column":46}},"46":{"start":{"line":145,"column":8},"end":{"line":145,"column":24}},"47":{"start":{"line":146,"column":8},"end":{"line":146,"column":42}},"48":{"start":{"line":151,"column":0},"end":{"line":158,"column":1}},"49":{"start":{"line":152,"column":4},"end":{"line":152,"column":31}},"50":{"start":{"line":155,"column":15},"end":{"line":155,"column":61}},"51":{"start":{"line":156,"column":4},"end":{"line":156,"column":38}},"52":{"start":{"line":157,"column":4},"end":{"line":157,"column":29}}},"fnMap":{"0":{"name":"(anonymous_0)","decl":{"start":{"line":24,"column":13},"end":{"line":24,"column":14}},"loc":{"start":{"line":24,"column":24},"end":{"line":30,"column":5}},"line":24},"1":{"name":"(anonymous_1)","decl":{"start":{"line":36,"column":12},"end":{"line":36,"column":13}},"loc":{"start":{"line":36,"column":23},"end":{"line":59,"column":5}},"line":36},"2":{"name":"(anonymous_2)","decl":{"start":{"line":65,"column":12},"end":{"line":65,"column":13}},"loc":{"start":{"line":65,"column":23},"end":{"line":74,"column":5}},"line":65},"3":{"name":"(anonymous_3)","decl":{"start":{"line":80,"column":10},"end":{"line":80,"column":11}},"loc":{"start":{"line":80,"column":21},"end":{"line":89,"column":5}},"line":80},"4":{"name":"(anonymous_4)","decl":{"start":{"line":95,"column":13},"end":{"line":95,"column":14}},"loc":{"start":{"line":95,"column":24},"end":{"line":110,"column":5}},"line":95},"5":{"name":"(anonymous_5)","decl":{"start":{"line":107,"column":32},"end":{"line":107,"column":33}},"loc":{"start":{"line":107,"column":43},"end":{"line":109,"column":9}},"line":107},"6":{"name":"(anonymous_6)","decl":{"start":{"line":116,"column":17},"end":{"line":116,"column":18}},"loc":{"start":{"line":116,"column":28},"end":{"line":118,"column":5}},"line":116},"7":{"name":"(anonymous_7)","decl":{"start":{"line":125,"column":16},"end":{"line":125,"column":17}},"loc":{"start":{"line":125,"column":31},"end":{"line":132,"column":5}},"line":125},"8":{"name":"(anonymous_8)","decl":{"start":{"line":138,"column":19},"end":{"line":138,"column":20}},"loc":{"start":{"line":138,"column":30},"end":{"line":147,"column":5}},"line":138}},"branchMap":{"0":{"loc":{"start":{"line":66,"column":8},"end":{"line":67,"column":31}},"type":"if","locations":[{"start":{"line":66,"column":8},"end":{"line":67,"column":31}},{"start":{},"end":{}}],"line":66},"1":{"loc":{"start":{"line":72,"column":8},"end":{"line":73,"column":35}},"type":"if","locations":[{"start":{"line":72,"column":8},"end":{"line":73,"column":35}},{"start":{},"end":{}}],"line":72},"2":{"loc":{"start":{"line":82,"column":8},"end":{"line":83,"column":19}},"type":"if","locations":[{"start":{"line":82,"column":8},"end":{"line":83,"column":19}},{"start":{},"end":{}}],"line":82},"3":{"loc":{"start":{"line":97,"column":8},"end":{"line":98,"column":19}},"type":"if","locations":[{"start":{"line":97,"column":8},"end":{"line":98,"column":19}},{"start":{},"end":{}}],"line":97},"4":{"loc":{"start":{"line":142,"column":12},"end":{"line":143,"column":46}},"type":"if","locations":[{"start":{"line":142,"column":12},"end":{"line":143,"column":46}},{"start":{},"end":{}}],"line":142},"5":{"loc":{"start":{"line":142,"column":16},"end":{"line":142,"column":41}},"type":"binary-expr","locations":[{"start":{"line":142,"column":16},"end":{"line":142,"column":25}},{"start":{"line":142,"column":29},"end":{"line":142,"column":41}}],"line":142},"6":{"loc":{"start":{"line":151,"column":0},"end":{"line":158,"column":1}},"type":"if","locations":[{"start":{"line":151,"column":0},"end":{"line":158,"column":1}},{"start":{"line":153,"column":7},"end":{"line":158,"column":1}}],"line":151},"7":{"loc":{"start":{"line":151,"column":4},"end":{"line":151,"column":51}},"type":"binary-expr","locations":[{"start":{"line":151,"column":4},"end":{"line":151,"column":33}},{"start":{"line":151,"column":37},"end":{"line":151,"column":51}}],"line":151}},"s":{"0":2,"1":1,"2":1,"3":1,"4":1,"5":1,"6":1,"7":1,"8":1,"9":1,"10":1,"11":1,"12":1,"13":1,"14":1,"15":1,"16":1,"17":1,"18":1,"19":1,"20":3,"21":1,"22":3,"23":3,"24":3,"25":2,"26":1,"27":1,"28":1,"29":1,"30":0,"31":1,"32":1,"33":1,"34":0,"35":1,"36":7,"37":7,"38":7,"39":7,"40":7,"41":1,"42":1,"43":1,"44":8,"45":6,"46":1,"47":1,"48":2,"49":2,"50":0,"51":0,"52":0},"f":{"0":1,"1":1,"2":3,"3":2,"4":1,"5":0,"6":1,"7":7,"8":1},"b":{"0":[1,2],"1":[3,0],"2":[1,1],"3":[0,1],"4":[6,2],"5":[8,7],"6":[2,0],"7":[2,2]},"_coverageSchema":"1a1c01bbd47fc00a2c39e90264f33305004495a9","hash":"60bb061a425adbdedbed0d336545d50000d6cb74"}
}
