TN:
SF:babel.config.js
FNF:0
FNH:0
DA:1,0
LF:1
LH:0
BRF:0
BRH:0
end_of_record
TN:
SF:game.js
FN:45,(anonymous_0)
FN:63,(anonymous_1)
FN:103,(anonymous_2)
FN:124,(anonymous_3)
FN:138,(anonymous_4)
FN:150,(anonymous_5)
FN:161,(anonymous_6)
FN:171,(anonymous_7)
FN:187,(anonymous_8)
FNF:9
FNH:9
FNDA:2,(anonymous_0)
FNDA:2,(anonymous_1)
FNDA:4,(anonymous_2)
FNDA:3,(anonymous_3)
FNDA:4,(anonymous_4)
FNDA:2,(anonymous_5)
FNDA:2,(anonymous_6)
FNDA:9,(anonymous_7)
FNDA:2,(anonymous_8)
DA:20,2
DA:40,2
DA:46,2
DA:48,1
DA:51,1
DA:52,1
DA:55,1
DA:56,1
DA:64,2
DA:67,1
DA:70,1
DA:71,1
DA:72,1
DA:73,1
DA:77,1
DA:80,1
DA:81,1
DA:82,1
DA:83,1
DA:84,1
DA:85,1
DA:89,1
DA:90,1
DA:91,1
DA:95,1
DA:96,1
DA:104,4
DA:107,2
DA:108,1
DA:112,2
DA:115,2
DA:116,2
DA:125,3
DA:128,1
DA:131,1
DA:139,4
DA:142,2
DA:145,2
DA:146,2
DA:150,2
DA:151,2
DA:152,2
DA:162,2
DA:163,1
DA:172,9
DA:174,8
DA:175,8
DA:177,7
DA:178,7
DA:179,7
DA:180,7
DA:188,2
DA:191,1
DA:194,1
DA:195,8
DA:196,6
DA:201,1
DA:202,1
DA:207,2
DA:208,2
DA:211,0
DA:212,0
DA:213,0
LF:63
LH:60
BRDA:46,0,0,1
BRDA:46,0,1,1
BRDA:64,1,0,1
BRDA:64,1,1,1
BRDA:71,2,0,1
BRDA:71,2,1,0
BRDA:81,3,0,1
BRDA:81,3,1,0
BRDA:90,4,0,1
BRDA:90,4,1,0
BRDA:104,5,0,2
BRDA:104,5,1,2
BRDA:104,6,0,4
BRDA:104,6,1,3
BRDA:107,7,0,1
BRDA:107,7,1,1
BRDA:115,8,0,2
BRDA:115,8,1,0
BRDA:125,9,0,2
BRDA:125,9,1,1
BRDA:125,10,0,3
BRDA:125,10,1,2
BRDA:139,11,0,2
BRDA:139,11,1,2
BRDA:139,12,0,4
BRDA:139,12,1,3
BRDA:139,12,2,3
BRDA:145,13,0,2
BRDA:145,13,1,0
BRDA:151,14,0,2
BRDA:151,14,1,0
BRDA:151,15,0,2
BRDA:151,15,1,2
BRDA:162,16,0,1
BRDA:162,16,1,1
BRDA:172,17,0,1
BRDA:172,17,1,8
BRDA:175,18,0,1
BRDA:175,18,1,7
BRDA:188,19,0,1
BRDA:188,19,1,1
BRDA:195,20,0,6
BRDA:195,20,1,2
BRDA:195,21,0,8
BRDA:195,21,1,7
BRDA:207,22,0,2
BRDA:207,22,1,0
BRDA:207,23,0,2
BRDA:207,23,1,2
BRF:49
BRH:42
end_of_record
