TN:
SF:game.js
FN:24,(anonymous_0)
FN:36,(anonymous_1)
FN:65,(anonymous_2)
FN:80,(anonymous_3)
FN:95,(anonymous_4)
FN:107,(anonymous_5)
FN:116,(anonymous_6)
FN:125,(anonymous_7)
FN:138,(anonymous_8)
FNF:9
FNH:9
FNDA:1,(anonymous_0)
FNDA:1,(anonymous_1)
FNDA:3,(anonymous_2)
FNDA:2,(anonymous_3)
FNDA:3,(anonymous_4)
FNDA:2,(anonymous_5)
FNDA:1,(anonymous_6)
FNDA:7,(anonymous_7)
FNDA:1,(anonymous_8)
DA:19,2
DA:25,1
DA:26,1
DA:27,1
DA:28,1
DA:29,1
DA:37,1
DA:39,1
DA:40,1
DA:41,1
DA:42,1
DA:44,1
DA:45,1
DA:46,1
DA:49,1
DA:51,1
DA:52,1
DA:54,1
DA:55,1
DA:58,1
DA:66,3
DA:67,1
DA:69,3
DA:72,3
DA:73,3
DA:82,2
DA:83,1
DA:85,1
DA:88,1
DA:97,3
DA:98,1
DA:101,2
DA:104,2
DA:107,2
DA:108,2
DA:117,1
DA:126,7
DA:128,7
DA:129,7
DA:130,7
DA:131,7
DA:139,1
DA:141,1
DA:142,8
DA:143,6
DA:145,1
DA:146,1
DA:151,2
DA:152,2
DA:155,0
DA:156,0
DA:157,0
LF:52
LH:49
BRDA:66,0,0,1
BRDA:66,0,1,2
BRDA:72,1,0,3
BRDA:72,1,1,0
BRDA:82,2,0,1
BRDA:82,2,1,1
BRDA:97,3,0,1
BRDA:97,3,1,2
BRDA:142,4,0,6
BRDA:142,4,1,2
BRDA:142,5,0,8
BRDA:142,5,1,7
BRDA:151,6,0,2
BRDA:151,6,1,0
BRDA:151,7,0,2
BRDA:151,7,1,2
BRF:16
BRH:14
end_of_record
